<?xml version="1.0" encoding="UTF-8"?>
<testsuite name="MainTest" tests="1" skipped="0" failures="0" errors="0" timestamp="2021-01-21T02:21:50" hostname="SUPER-NENECHI" time="0.004">
  <properties/>
  <testcase name="testCase1" classname="MainTest" time="0.004"/>
  <system-out><![CDATA[passed
]]></system-out>
  <system-err><![CDATA[]]></system-err>
</testsuite>
